Building DAG of jobs...
Provided cores: 1
Rules claiming more threads will be scaled down.
Job counts:
	count	jobs
	1	input_selectdata
	1

rule input_selectdata:
    input: gnomad.exomes.r2.1.1.sites.Y.vcf, dataGnomad.py
    output: LijstSNP.txt
    jobid: 0

Error in rule input_selectdata:
    jobid: 0
    output: LijstSNP.txt

RuleException:
CalledProcessError in line 8 of /home/rivka/BioProject/Snakefile:
Command ' set -euo pipefail;  python3 gnomad.exomes.r2.1.1.sites.Y.vcfdataGnomad.py> LijstSNP.txt ' returned non-zero exit status 2.
  File "/home/rivka/BioProject/Snakefile", line 8, in __rule_input_selectdata
  File "/usr/lib/python3.6/concurrent/futures/thread.py", line 56, in run
Removing output files of failed job input_selectdata since they might be corrupted:
LijstSNP.txt
Will exit after finishing currently running jobs.
Exiting because a job execution failed. Look above for error message
Complete log: .snakemake/log/2019-07-04T084611.644877.snakemake.log
