Building DAG of jobs...
Provided cores: 1
Rules claiming more threads will be scaled down.
Job counts:
	count	jobs
	1	input_selectdata
	1

rule input_selectdata:
    input: dataGnomad.py, gnomad.exomes.r2.1.1.sites.Y.vcf
    output: LijstSNP.txt
    jobid: 0

Error in rule input_selectdata:
    jobid: 0
    output: LijstSNP.txt

RuleException:
CalledProcessError in line 7 of /home/rivka/BioProject/Snakefile:
Command ' set -euo pipefail;  python dataGnomad.py gnomad.exomes.r2.1.1.sites.Y.vcf> LijstSNP.txt ' returned non-zero exit status 1.
  File "/home/rivka/BioProject/Snakefile", line 7, in __rule_input_selectdata
  File "/usr/lib/python3.6/concurrent/futures/thread.py", line 56, in run
Removing output files of failed job input_selectdata since they might be corrupted:
LijstSNP.txt
Will exit after finishing currently running jobs.
Exiting because a job execution failed. Look above for error message
Complete log: .snakemake/log/2019-07-04T101154.092770.snakemake.log
