Building DAG of jobs...
Provided cores: 1
Rules claiming more threads will be scaled down.
Job counts:
	count	jobs
	1	input_databasedata
	1

rule input_databasedata:
    input: LijstSNP.txt, vulDatabase.py
    output: output.txt
    jobid: 0

Error in rule input_databasedata:
    jobid: 0
    output: output.txt

RuleException:
CalledProcessError in line 22 of /home/rivka/BioProject/Snakefile:
Command ' set -euo pipefail;  python3 vulDatabase.pyLijstSNP.txt> output.txt ' returned non-zero exit status 2.
  File "/home/rivka/BioProject/Snakefile", line 22, in __rule_input_databasedata
  File "/usr/lib/python3.6/concurrent/futures/thread.py", line 56, in run
Removing output files of failed job input_databasedata since they might be corrupted:
output.txt
Will exit after finishing currently running jobs.
Exiting because a job execution failed. Look above for error message
Complete log: .snakemake/log/2019-07-03T204824.429679.snakemake.log
