Building DAG of jobs...
Provided cores: 1
Rules claiming more threads will be scaled down.
Job counts:
	count	jobs
	1	all
	1	api
	2

rule api:
    output: varianten.txt
    jobid: 1

Error in rule api:
    jobid: 1
    output: varianten.txt

RuleException:
NameError in line 18 of /home/minor-g2/Documents/Rivka+Lotte/BioProject2/Snakefile:
The name 'alles' is unknown in this context. Please make sure that you defined that variable. Also note that braces not used for variable access have to be escaped by repeating them, i.e. {{print $1}}
  File "/home/minor-g2/Documents/Rivka+Lotte/BioProject2/Snakefile", line 18, in __rule_api
  File "/usr/lib/python3.6/concurrent/futures/thread.py", line 56, in run
Will exit after finishing currently running jobs.
Exiting because a job execution failed. Look above for error message
Complete log: .snakemake/log/2019-06-09T095653.557093.snakemake.log
